<?xml version="1.0" encoding="UTF-8"?>
<testng-results skipped="0" failed="1" ignored="1" total="11" passed="9">
  <reporter-output>
  </reporter-output>
  <suite name="Command line suite" duration-ms="93115" started-at="2020-07-18T11:26:46 CDT" finished-at="2020-07-18T11:28:20 CDT">
    <groups>
    </groups>
    <test name="Command line test" duration-ms="93115" started-at="2020-07-18T11:26:46 CDT" finished-at="2020-07-18T11:28:20 CDT">
      <class name="com.qa.hubspot.test.LoginPageTest">
        <test-method status="PASS" signature="SetUp()[pri:0, instance:com.qa.hubspot.test.LoginPageTest@4566e5bd]" name="SetUp" is-config="true" duration-ms="1388" started-at="2020-07-18T11:27:01 CDT" finished-at="2020-07-18T11:27:03 CDT">
          <reporter-output>
          </reporter-output>
        </test-method> <!-- SetUp -->
        <test-method status="PASS" signature="verifypageTitle()[pri:1, instance:com.qa.hubspot.test.LoginPageTest@4566e5bd]" name="verifypageTitle" duration-ms="10" started-at="2020-07-18T11:28:14 CDT" finished-at="2020-07-18T11:28:14 CDT">
          <reporter-output>
          </reporter-output>
        </test-method> <!-- verifypageTitle -->
        <test-method status="PASS" signature="VerifySignupLinkTest()[pri:2, instance:com.qa.hubspot.test.LoginPageTest@4566e5bd]" name="VerifySignupLinkTest" duration-ms="678" started-at="2020-07-18T11:28:14 CDT" finished-at="2020-07-18T11:28:15 CDT">
          <reporter-output>
          </reporter-output>
        </test-method> <!-- VerifySignupLinkTest -->
        <test-method status="FAIL" signature="loginTest()[pri:3, instance:com.qa.hubspot.test.LoginPageTest@4566e5bd]" name="loginTest" duration-ms="4480" started-at="2020-07-18T11:28:15 CDT" finished-at="2020-07-18T11:28:19 CDT">
          <exception class="java.lang.AssertionError">
            <message>
              <![CDATA[expected [Ideal Auto ] but found []]]>
            </message>
            <full-stacktrace>
              <![CDATA[java.lang.AssertionError: expected [Ideal Auto ] but found []
at org.testng.Assert.fail(Assert.java:97)
at org.testng.Assert.assertEqualsImpl(Assert.java:136)
at org.testng.Assert.assertEquals(Assert.java:118)
at org.testng.Assert.assertEquals(Assert.java:575)
at org.testng.Assert.assertEquals(Assert.java:585)
at com.qa.hubspot.test.LoginPageTest.loginTest(LoginPageTest.java:54)
at sun.reflect.NativeMethodAccessorImpl.invoke0(Native Method)
at sun.reflect.NativeMethodAccessorImpl.invoke(NativeMethodAccessorImpl.java:62)
at sun.reflect.DelegatingMethodAccessorImpl.invoke(DelegatingMethodAccessorImpl.java:43)
at java.lang.reflect.Method.invoke(Method.java:498)
at org.testng.internal.MethodInvocationHelper.invokeMethod(MethodInvocationHelper.java:134)
at org.testng.internal.TestInvoker.invokeMethod(TestInvoker.java:597)
at org.testng.internal.TestInvoker.invokeTestMethod(TestInvoker.java:173)
at org.testng.internal.MethodRunner.runInSequence(MethodRunner.java:46)
at org.testng.internal.TestInvoker$MethodInvocationAgent.invoke(TestInvoker.java:816)
at org.testng.internal.TestInvoker.invokeTestMethods(TestInvoker.java:146)
at org.testng.internal.TestMethodWorker.invokeTestMethods(TestMethodWorker.java:146)
at org.testng.internal.TestMethodWorker.run(TestMethodWorker.java:128)
at java.util.ArrayList.forEach(ArrayList.java:1257)
at org.testng.TestRunner.privateRun(TestRunner.java:766)
at org.testng.TestRunner.run(TestRunner.java:587)
at org.testng.SuiteRunner.runTest(SuiteRunner.java:384)
at org.testng.SuiteRunner.runSequentially(SuiteRunner.java:378)
at org.testng.SuiteRunner.privateRun(SuiteRunner.java:337)
at org.testng.SuiteRunner.run(SuiteRunner.java:286)
at org.testng.SuiteRunnerWorker.runSuite(SuiteRunnerWorker.java:53)
at org.testng.SuiteRunnerWorker.run(SuiteRunnerWorker.java:96)
at org.testng.TestNG.runSuitesSequentially(TestNG.java:1187)
at org.testng.TestNG.runSuitesLocally(TestNG.java:1109)
at org.testng.TestNG.runSuites(TestNG.java:1039)
at org.testng.TestNG.run(TestNG.java:1007)
at org.apache.maven.surefire.testng.TestNGExecutor.run(TestNGExecutor.java:77)
at org.apache.maven.surefire.testng.TestNGDirectoryTestSuite.executeMulti(TestNGDirectoryTestSuite.java:159)
at org.apache.maven.surefire.testng.TestNGDirectoryTestSuite.execute(TestNGDirectoryTestSuite.java:99)
at org.apache.maven.surefire.testng.TestNGProvider.invoke(TestNGProvider.java:106)
at sun.reflect.NativeMethodAccessorImpl.invoke0(Native Method)
at sun.reflect.NativeMethodAccessorImpl.invoke(NativeMethodAccessorImpl.java:62)
at sun.reflect.DelegatingMethodAccessorImpl.invoke(DelegatingMethodAccessorImpl.java:43)
at java.lang.reflect.Method.invoke(Method.java:498)
at org.apache.maven.surefire.util.ReflectionUtils.invokeMethodWithArray(ReflectionUtils.java:189)
at org.apache.maven.surefire.booter.ProviderFactory$ProviderProxy.invoke(ProviderFactory.java:165)
at org.apache.maven.surefire.booter.ProviderFactory.invokeProvider(ProviderFactory.java:85)
at org.apache.maven.surefire.booter.ForkedBooter.runSuitesInProcess(ForkedBooter.java:115)
at org.apache.maven.surefire.booter.ForkedBooter.main(ForkedBooter.java:75)
]]>
            </full-stacktrace>
          </exception> <!-- java.lang.AssertionError -->
          <reporter-output>
          </reporter-output>
        </test-method> <!-- loginTest -->
        <test-method status="PASS" signature="teardown()[pri:0, instance:com.qa.hubspot.test.LoginPageTest@4566e5bd]" name="teardown" is-config="true" duration-ms="112" started-at="2020-07-18T11:28:19 CDT" finished-at="2020-07-18T11:28:20 CDT">
          <reporter-output>
          </reporter-output>
        </test-method> <!-- teardown -->
      </class> <!-- com.qa.hubspot.test.LoginPageTest -->
      <class name="com.qa.hubspot.test.HomePageTest">
        <test-method status="PASS" signature="Setup()[pri:0, instance:com.qa.hubspot.test.HomePageTest@56ef9176]" name="Setup" is-config="true" duration-ms="14779" started-at="2020-07-18T11:26:46 CDT" finished-at="2020-07-18T11:27:01 CDT">
          <reporter-output>
          </reporter-output>
        </test-method> <!-- Setup -->
        <test-method status="PASS" signature="verifyUserAccountName()[pri:0, instance:com.qa.hubspot.test.HomePageTest@56ef9176]" name="verifyUserAccountName" duration-ms="741" started-at="2020-07-18T11:28:13 CDT" finished-at="2020-07-18T11:28:13 CDT">
          <reporter-output>
          </reporter-output>
        </test-method> <!-- verifyUserAccountName -->
        <test-method status="PASS" signature="verifyHomePageTitleTest()[pri:1, instance:com.qa.hubspot.test.HomePageTest@56ef9176]" name="verifyHomePageTitleTest" duration-ms="2" started-at="2020-07-18T11:28:13 CDT" description="home page title _Dashboard Library" finished-at="2020-07-18T11:28:13 CDT">
          <reporter-output>
          </reporter-output>
        </test-method> <!-- verifyHomePageTitleTest -->
        <test-method status="PASS" signature="verifyHomepageheaderTest()[pri:2, instance:com.qa.hubspot.test.HomePageTest@56ef9176]" name="verifyHomepageheaderTest" duration-ms="690" started-at="2020-07-18T11:28:13 CDT" finished-at="2020-07-18T11:28:14 CDT">
          <reporter-output>
          </reporter-output>
        </test-method> <!-- verifyHomepageheaderTest -->
        <test-method status="PASS" signature="teardown()[pri:0, instance:com.qa.hubspot.test.HomePageTest@56ef9176]" name="teardown" is-config="true" duration-ms="117" started-at="2020-07-18T11:28:19 CDT" finished-at="2020-07-18T11:28:19 CDT">
          <reporter-output>
          </reporter-output>
        </test-method> <!-- teardown -->
      </class> <!-- com.qa.hubspot.test.HomePageTest -->
      <class name="com.qa.hubspot.test.ContactsPageTest">
        <test-method status="PASS" signature="Setup()[pri:0, instance:com.qa.hubspot.test.ContactsPageTest@1ed4004b]" name="Setup" is-config="true" duration-ms="13003" started-at="2020-07-18T11:27:03 CDT" finished-at="2020-07-18T11:27:16 CDT">
          <reporter-output>
          </reporter-output>
        </test-method> <!-- Setup -->
        <test-method status="PASS" signature="VerifyTitle()[pri:1, instance:com.qa.hubspot.test.ContactsPageTest@1ed4004b]" name="VerifyTitle" duration-ms="774" started-at="2020-07-18T11:27:16 CDT" finished-at="2020-07-18T11:27:16 CDT">
          <reporter-output>
          </reporter-output>
        </test-method> <!-- VerifyTitle -->
        <test-method status="PASS" signature="TearDown()[pri:0, instance:com.qa.hubspot.test.ContactsPageTest@1ed4004b]" name="TearDown" is-config="true" duration-ms="116" started-at="2020-07-18T11:27:16 CDT" finished-at="2020-07-18T11:27:17 CDT">
          <reporter-output>
          </reporter-output>
        </test-method> <!-- TearDown -->
        <test-method status="PASS" signature="Setup()[pri:0, instance:com.qa.hubspot.test.ContactsPageTest@1ed4004b]" name="Setup" is-config="true" duration-ms="13481" started-at="2020-07-18T11:27:17 CDT" finished-at="2020-07-18T11:27:30 CDT">
          <reporter-output>
          </reporter-output>
        </test-method> <!-- Setup -->
        <test-method status="PASS" signature="createContactsTest(java.lang.String, java.lang.String, java.lang.String, java.lang.String)[pri:2, instance:com.qa.hubspot.test.ContactsPageTest@1ed4004b]" name="createContactsTest" duration-ms="5793" started-at="2020-07-18T11:27:30 CDT" data-provider="getContacts" finished-at="2020-07-18T11:27:36 CDT">
          <params>
            <param index="0">
              <value>
                <![CDATA[lyzzat@gmail.com]]>
              </value>
            </param>
            <param index="1">
              <value>
                <![CDATA[Lyzzat]]>
              </value>
            </param>
            <param index="2">
              <value>
                <![CDATA[T1]]>
              </value>
            </param>
            <param index="3">
              <value>
                <![CDATA[QA]]>
              </value>
            </param>
          </params>
          <reporter-output>
          </reporter-output>
        </test-method> <!-- createContactsTest -->
        <test-method status="PASS" signature="TearDown()[pri:0, instance:com.qa.hubspot.test.ContactsPageTest@1ed4004b]" name="TearDown" is-config="true" duration-ms="113" started-at="2020-07-18T11:27:36 CDT" finished-at="2020-07-18T11:27:36 CDT">
          <reporter-output>
          </reporter-output>
        </test-method> <!-- TearDown -->
        <test-method status="PASS" signature="Setup()[pri:0, instance:com.qa.hubspot.test.ContactsPageTest@1ed4004b]" name="Setup" is-config="true" duration-ms="12457" started-at="2020-07-18T11:27:36 CDT" finished-at="2020-07-18T11:27:49 CDT">
          <reporter-output>
          </reporter-output>
        </test-method> <!-- Setup -->
        <test-method status="PASS" signature="createContactsTest(java.lang.String, java.lang.String, java.lang.String, java.lang.String)[pri:2, instance:com.qa.hubspot.test.ContactsPageTest@1ed4004b]" name="createContactsTest" duration-ms="5545" started-at="2020-07-18T11:27:49 CDT" data-provider="getContacts" finished-at="2020-07-18T11:27:54 CDT">
          <params>
            <param index="0">
              <value>
                <![CDATA[tuba@gmail.com]]>
              </value>
            </param>
            <param index="1">
              <value>
                <![CDATA[Tuba]]>
              </value>
            </param>
            <param index="2">
              <value>
                <![CDATA[D1]]>
              </value>
            </param>
            <param index="3">
              <value>
                <![CDATA[DEV]]>
              </value>
            </param>
          </params>
          <reporter-output>
          </reporter-output>
        </test-method> <!-- createContactsTest -->
        <test-method status="PASS" signature="TearDown()[pri:0, instance:com.qa.hubspot.test.ContactsPageTest@1ed4004b]" name="TearDown" is-config="true" duration-ms="111" started-at="2020-07-18T11:27:54 CDT" finished-at="2020-07-18T11:27:54 CDT">
          <reporter-output>
          </reporter-output>
        </test-method> <!-- TearDown -->
        <test-method status="PASS" signature="Setup()[pri:0, instance:com.qa.hubspot.test.ContactsPageTest@1ed4004b]" name="Setup" is-config="true" duration-ms="12439" started-at="2020-07-18T11:27:54 CDT" finished-at="2020-07-18T11:28:07 CDT">
          <reporter-output>
          </reporter-output>
        </test-method> <!-- Setup -->
        <test-method status="PASS" signature="createContactsTest(java.lang.String, java.lang.String, java.lang.String, java.lang.String)[pri:2, instance:com.qa.hubspot.test.ContactsPageTest@1ed4004b]" name="createContactsTest" duration-ms="5704" started-at="2020-07-18T11:28:07 CDT" data-provider="getContacts" finished-at="2020-07-18T11:28:13 CDT">
          <params>
            <param index="0">
              <value>
                <![CDATA[lydia@yahoo.com]]>
              </value>
            </param>
            <param index="1">
              <value>
                <![CDATA[Lydia]]>
              </value>
            </param>
            <param index="2">
              <value>
                <![CDATA[T2]]>
              </value>
            </param>
            <param index="3">
              <value>
                <![CDATA[HR]]>
              </value>
            </param>
          </params>
          <reporter-output>
          </reporter-output>
        </test-method> <!-- createContactsTest -->
        <test-method status="PASS" signature="TearDown()[pri:0, instance:com.qa.hubspot.test.ContactsPageTest@1ed4004b]" name="TearDown" is-config="true" duration-ms="116" started-at="2020-07-18T11:28:13 CDT" finished-at="2020-07-18T11:28:13 CDT">
          <reporter-output>
          </reporter-output>
        </test-method> <!-- TearDown -->
      </class> <!-- com.qa.hubspot.test.ContactsPageTest -->
    </test> <!-- Command line test -->
  </suite> <!-- Command line suite -->
</testng-results>
