<!DOCTYPE html PUBLIC "-//W3C//DTD XHTML 1.1//EN" "http://www.w3.org/TR/xhtml11/DTD/xhtml11.dtd">
<html xmlns="http://www.w3.org/1999/xhtml"><head><title>TestNG Report</title><style type="text/css">table {margin-bottom:10px;border-collapse:collapse;empty-cells:show}th,td {border:1px solid #009;padding:.25em .5em}th {vertical-align:bottom}td {vertical-align:top}table a {font-weight:bold}.stripe td {background-color: #E6EBF9}.num {text-align:right}.passedodd td {background-color: #3F3}.passedeven td {background-color: #0A0}.skippedodd td {background-color: #DDD}.skippedeven td {background-color: #CCC}.failedodd td,.attn {background-color: #F33}.failedeven td,.stripe .attn {background-color: #D00}.stacktrace {white-space:pre;font-family:monospace}.totop {font-size:85%;text-align:center;border-bottom:2px solid #000}</style></head><body><table><tr><th>Test</th><th># Passed</th><th># Skipped</th><th># Failed</th><th>Time (ms)</th><th>Included Groups</th><th>Excluded Groups</th></tr><tr><th colspan="7">Hubspot Regression Test Suite</th></tr><tr><td><a href="#t0">Hubspot Functional Regression Test</a></td><td class="num">4</td><td class="num">0</td><td class="num attn">2</td><td class="num">33,376</td><td></td><td></td></tr></table><table><thead><tr><th>Class</th><th>Method</th><th>Start</th><th>Time (ms)</th></tr></thead><tbody><tr><th colspan="4">Hubspot Regression Test Suite</th></tr></tbody><tbody id="t0"><tr><th colspan="4">Hubspot Functional Regression Test &#8212; failed</th></tr><tr class="failedeven"><td rowspan="2">com.qa.hubspot.test.LoginPageTest</td><td><a href="#m0">VerifySignupLinkTest</a></td><td rowspan="1">1595551560566</td><td rowspan="1">37</td></tr><tr class="failedeven"><td><a href="#m1">loginTest</a></td><td rowspan="1">1595551562385</td><td rowspan="1">7196</td></tr><tr><th colspan="4">Hubspot Functional Regression Test &#8212; passed</th></tr><tr class="passedeven"><td rowspan="3">com.qa.hubspot.test.HomePageTest</td><td><a href="#m2">verifyHomePageTitleTest</a></td><td rowspan="1">1595551552740</td><td rowspan="1">6</td></tr><tr class="passedeven"><td><a href="#m3">verifyHomepageheaderTest</a></td><td rowspan="1">1595551552747</td><td rowspan="1">674</td></tr><tr class="passedeven"><td><a href="#m4">verifyUserAccountName</a></td><td rowspan="1">1595551552009</td><td rowspan="1">727</td></tr><tr class="passedodd"><td rowspan="1">com.qa.hubspot.test.LoginPageTest</td><td><a href="#m5">verifypageTitle</a></td><td rowspan="1">1595551554748</td><td rowspan="1">4537</td></tr></tbody></table><h2>Hubspot Functional Regression Test</h2><h3 id="m0">com.qa.hubspot.test.LoginPageTest#VerifySignupLinkTest</h3><table class="result"><tr><th>Exception</th></tr><tr><td><div class="stacktrace">java.lang.AssertionError: expected [true] but found [false]
	at com.qa.hubspot.test.LoginPageTest.VerifySignupLinkTest(LoginPageTest.java:77)
... Removed 28 stack frames</div></td></tr></table><p class="totop"><a href="#summary">back to summary</a></p><h3 id="m1">com.qa.hubspot.test.LoginPageTest#loginTest</h3><table class="result"><tr><th>Exception</th></tr><tr><td><div class="stacktrace">org.openqa.selenium.NoSuchElementException: no such element: Unable to locate element: {&quot;method&quot;:&quot;xpath&quot;,&quot;selector&quot;:&quot;//a[@id=&apos;navAccount-current&apos;]//div[@class=&apos;navAccount-accountName&apos;][contains(text(),&apos;Ideal Auto&apos;)]&quot;}
  (Session info: chrome=84.0.4147.89)
For documentation on this error, please visit: https://www.seleniumhq.org/exceptions/no_such_element.html
Build info: version: &apos;3.141.59&apos;, revision: &apos;e82be7d358&apos;, time: &apos;2018-11-14T08:17:03&apos;
System info: host: &apos;tubas-MBP.lan&apos;, ip: &apos;2605:6000:1516:4081:0:0:0:8edc%en0&apos;, os.name: &apos;Mac OS X&apos;, os.arch: &apos;x86_64&apos;, os.version: &apos;10.15.5&apos;, java.version: &apos;1.8.0_241&apos;
Driver info: org.openqa.selenium.chrome.ChromeDriver
Capabilities {acceptInsecureCerts: false, browserName: chrome, browserVersion: 84.0.4147.89, chrome: {chromedriverVersion: 84.0.4147.30 (48b3e868b4cc0..., userDataDir: /var/folders/yb/krnghls1475...}, goog:chromeOptions: {debuggerAddress: localhost:59548}, javascriptEnabled: true, networkConnectionEnabled: false, pageLoadStrategy: normal, platform: MAC, platformName: MAC, proxy: Proxy(), setWindowRect: true, strictFileInteractability: false, timeouts: {implicit: 0, pageLoad: 300000, script: 30000}, unhandledPromptBehavior: dismiss and notify, webauthn:virtualAuthenticators: true}
Session ID: 323237acf3eaddeb9886600c298229bb
*** Element info: {Using=xpath, value=//a[@id=&apos;navAccount-current&apos;]//div[@class=&apos;navAccount-accountName&apos;][contains(text(),&apos;Ideal Auto&apos;)]}
	at org.openqa.selenium.remote.http.W3CHttpResponseCodec.createException(W3CHttpResponseCodec.java:187)
	at org.openqa.selenium.remote.http.W3CHttpResponseCodec.decode(W3CHttpResponseCodec.java:122)
	at org.openqa.selenium.remote.http.W3CHttpResponseCodec.decode(W3CHttpResponseCodec.java:49)
	at org.openqa.selenium.remote.HttpCommandExecutor.execute(HttpCommandExecutor.java:158)
	at org.openqa.selenium.remote.service.DriverCommandExecutor.execute(DriverCommandExecutor.java:83)
	at org.openqa.selenium.remote.RemoteWebDriver.execute(RemoteWebDriver.java:552)
	at org.openqa.selenium.remote.RemoteWebDriver.findElement(RemoteWebDriver.java:323)
	at org.openqa.selenium.remote.RemoteWebDriver.findElementByXPath(RemoteWebDriver.java:428)
	at org.openqa.selenium.By$ByXPath.findElement(By.java:353)
	at org.openqa.selenium.remote.RemoteWebDriver.findElement(RemoteWebDriver.java:315)
	at com.qa.hubspot.page.Homepage.getLoggedinUSerAccountName(Homepage.java:28)
	at com.qa.hubspot.test.LoginPageTest.loginTest(LoginPageTest.java:85)
... Removed 28 stack frames</div></td></tr></table><p class="totop"><a href="#summary">back to summary</a></p><h3 id="m2">com.qa.hubspot.test.HomePageTest#verifyHomePageTitleTest</h3><table class="result"></table><p class="totop"><a href="#summary">back to summary</a></p><h3 id="m3">com.qa.hubspot.test.HomePageTest#verifyHomepageheaderTest</h3><table class="result"></table><p class="totop"><a href="#summary">back to summary</a></p><h3 id="m4">com.qa.hubspot.test.HomePageTest#verifyUserAccountName</h3><table class="result"></table><p class="totop"><a href="#summary">back to summary</a></p><h3 id="m5">com.qa.hubspot.test.LoginPageTest#verifypageTitle</h3><table class="result"></table><p class="totop"><a href="#summary">back to summary</a></p></body></html>